  scene.cpp
D:\Arnau\Documents\TJE_3D-main\src\framework.h(372,105): warning C4244: 'return': conversión de 'double' a 'float'; posible pérdida de datos
D:\Arnau\Documents\TJE_3D-main\src\scene.cpp(81,12): warning C4244: 'inicializando': conversión de 'double' a 'float'; posible pérdida de datos
D:\Arnau\Documents\TJE_3D-main\src\scene.cpp(82,12): warning C4244: 'inicializando': conversión de 'double' a 'float'; posible pérdida de datos
D:\Arnau\Documents\TJE_3D-main\src\scene.cpp(96,12): warning C4244: 'inicializando': conversión de 'double' a 'float'; posible pérdida de datos
D:\Arnau\Documents\TJE_3D-main\src\scene.cpp(97,12): warning C4244: 'inicializando': conversión de 'double' a 'float'; posible pérdida de datos
D:\Arnau\Documents\TJE_3D-main\src\scene.cpp(98,12): warning C4244: 'inicializando': conversión de 'double' a 'float'; posible pérdida de datos
D:\Arnau\Documents\TJE_3D-main\src\scene.cpp(105,12): warning C4244: 'inicializando': conversión de 'double' a 'float'; posible pérdida de datos
D:\Arnau\Documents\TJE_3D-main\src\scene.cpp(106,12): warning C4244: 'inicializando': conversión de 'double' a 'float'; posible pérdida de datos
D:\Arnau\Documents\TJE_3D-main\src\scene.cpp(107,12): warning C4244: 'inicializando': conversión de 'double' a 'float'; posible pérdida de datos
D:\Arnau\Documents\TJE_3D-main\src\scene.cpp(139,58): warning C4305: 'argumento': truncamiento de 'double' a 'float'
D:\Arnau\Documents\TJE_3D-main\src\scene.cpp(156,12): warning C4244: 'inicializando': conversión de 'double' a 'float'; posible pérdida de datos
D:\Arnau\Documents\TJE_3D-main\src\scene.cpp(157,12): warning C4244: 'inicializando': conversión de 'double' a 'float'; posible pérdida de datos
D:\Arnau\Documents\TJE_3D-main\src\scene.cpp(158,12): warning C4244: 'inicializando': conversión de 'double' a 'float'; posible pérdida de datos
D:\Arnau\Documents\TJE_3D-main\src\scene.cpp(163,20): warning C4244: 'inicializando': conversión de 'double' a 'float'; posible pérdida de datos
D:\Arnau\Documents\TJE_3D-main\src\scene.cpp(170,12): warning C4244: 'inicializando': conversión de 'double' a 'float'; posible pérdida de datos
D:\Arnau\Documents\TJE_3D-main\src\scene.cpp(171,12): warning C4244: 'inicializando': conversión de 'double' a 'float'; posible pérdida de datos
D:\Arnau\Documents\TJE_3D-main\src\scene.cpp(172,12): warning C4244: 'inicializando': conversión de 'double' a 'float'; posible pérdida de datos
D:\Arnau\Documents\TJE_3D-main\src\scene.cpp(189,12): warning C4244: 'inicializando': conversión de 'double' a 'float'; posible pérdida de datos
D:\Arnau\Documents\TJE_3D-main\src\scene.cpp(190,12): warning C4244: 'inicializando': conversión de 'double' a 'float'; posible pérdida de datos
D:\Arnau\Documents\TJE_3D-main\src\scene.cpp(191,12): warning C4244: 'inicializando': conversión de 'double' a 'float'; posible pérdida de datos
D:\Arnau\Documents\TJE_3D-main\src\scene.cpp(196,12): warning C4244: 'inicializando': conversión de 'double' a 'float'; posible pérdida de datos
D:\Arnau\Documents\TJE_3D-main\src\scene.cpp(197,12): warning C4244: 'inicializando': conversión de 'double' a 'float'; posible pérdida de datos
D:\Arnau\Documents\TJE_3D-main\src\scene.cpp(198,12): warning C4244: 'inicializando': conversión de 'double' a 'float'; posible pérdida de datos
D:\Arnau\Documents\TJE_3D-main\src\scene.cpp(208,13): warning C4244: 'inicializando': conversión de 'float' a 'int'; posible pérdida de datos
D:\Arnau\Documents\TJE_3D-main\src\scene.cpp(209,13): warning C4244: 'inicializando': conversión de 'float' a 'int'; posible pérdida de datos
D:\Arnau\Documents\TJE_3D-main\src\scene.cpp(211,14): warning C4244: 'inicializando': conversión de 'float' a 'int'; posible pérdida de datos
D:\Arnau\Documents\TJE_3D-main\src\scene.cpp(212,14): warning C4244: 'inicializando': conversión de 'float' a 'int'; posible pérdida de datos
D:\Arnau\Documents\TJE_3D-main\src\scene.cpp(240,42): warning C4305: 'argumento': truncamiento de 'time_t (__cdecl *)(time_t *const )' a 'bool'
D:\Arnau\Documents\TJE_3D-main\src\scene.cpp(259,20): warning C4018: '<': no coinciden signed/unsigned
D:\Arnau\Documents\TJE_3D-main\src\scene.cpp(335,62): warning C4305: 'argumento': truncamiento de 'double' a 'float'
D:\Arnau\Documents\TJE_3D-main\src\scene.cpp(342,36): warning C4305: 'argumento': truncamiento de 'time_t (__cdecl *)(time_t *const )' a 'bool'
D:\Arnau\Documents\TJE_3D-main\src\scene.cpp(344,21): warning C4018: '<': no coinciden signed/unsigned
D:\Arnau\Documents\TJE_3D-main\src\scene.cpp(385,21): warning C4018: '<': no coinciden signed/unsigned
D:\Arnau\Documents\TJE_3D-main\src\scene.cpp(414,72): warning C4244: 'argumento': conversión de 'double' a 'float'; posible pérdida de datos
D:\Arnau\Documents\TJE_3D-main\src\scene.cpp(415,73): warning C4244: 'argumento': conversión de 'double' a 'float'; posible pérdida de datos
D:\Arnau\Documents\TJE_3D-main\src\scene.cpp(442,20): warning C4018: '<': no coinciden signed/unsigned
D:\Arnau\Documents\TJE_3D-main\src\scene.cpp(507,12): warning C4244: 'inicializando': conversión de 'float' a 'int'; posible pérdida de datos
D:\Arnau\Documents\TJE_3D-main\src\scene.cpp(508,12): warning C4244: 'inicializando': conversión de 'float' a 'int'; posible pérdida de datos
D:\Arnau\Documents\TJE_3D-main\src\scene.cpp(515,52): warning C4244: 'argumento': conversión de 'int' a 'float'; posible pérdida de datos
D:\Arnau\Documents\TJE_3D-main\src\scene.cpp(515,35): warning C4244: 'argumento': conversión de 'int' a 'float'; posible pérdida de datos
D:\Arnau\Documents\TJE_3D-main\src\scene.cpp(537,14): warning C4244: 'inicializando': conversión de 'float' a 'int'; posible pérdida de datos
D:\Arnau\Documents\TJE_3D-main\src\scene.cpp(538,14): warning C4244: 'inicializando': conversión de 'float' a 'int'; posible pérdida de datos
D:\Arnau\Documents\TJE_3D-main\src\scene.cpp(540,28): warning C4244: 'argumento': conversión de 'double' a 'float'; posible pérdida de datos
D:\Arnau\Documents\TJE_3D-main\src\scene.cpp(540,15): warning C4244: 'inicializando': conversión de 'float' a 'int'; posible pérdida de datos
D:\Arnau\Documents\TJE_3D-main\src\scene.cpp(541,28): warning C4244: 'argumento': conversión de 'double' a 'float'; posible pérdida de datos
D:\Arnau\Documents\TJE_3D-main\src\scene.cpp(541,15): warning C4244: 'inicializando': conversión de 'float' a 'int'; posible pérdida de datos
LINK : warning LNK4098: la biblioteca predeterminada'LIBCMT' entra en conflicto con otras bibliotecas; use la biblioteca /NODEFAULTLIB:biblioteca
  Generando código
  1 of 2543 functions (<0.1%) were compiled, the rest were copied from previous compilation.
    0 functions were new in current compilation
    16 functions had inline decision re-evaluated but remain unchanged
  Generación de código finalizada
glew32s.lib(glew.obj) : warning LNK4099: no se encontró PDB 'vc120.pdb' con 'glew32s.lib(glew.obj)' o en 'D:\Arnau\Documents\TJE_3D-main\vc120.pdb'; se vinculará el objeto sin tener en cuenta información de depuración
  visualstudio.vcxproj -> D:\Arnau\Documents\TJE_3D-main\game.exe
